<?xml version="1.0" encoding="UTF-8"?>
<!-- Generated by org.testng.reporters.JUnitXMLReporter -->
<testsuite hostname="DESKTOP-U9BEVS1" ignored="0" name="Test" tests="2" failures="1" timestamp="2021-08-19T14:50:10 IST" time="28.297" errors="0">
  <testcase name="register" time="7.98" classname="com.NopEcommerce.Testcase.TC_Register_001"/>
  <testcase name="login_feature" time="2.635" classname="com.NopEcommerce.Testcase.TC_Login_002">
    <failure type="java.lang.IllegalArgumentException" message="Keys to send should be a not null CharSequence">
      <![CDATA[java.lang.IllegalArgumentException: Keys to send should be a not null CharSequence
at org.openqa.selenium.remote.RemoteWebElement.sendKeys(RemoteWebElement.java:97)
at org.openqa.selenium.support.pagefactory.internal.LocatingElementHandler.invoke(LocatingElementHandler.java:51)
at com.sun.proxy.$Proxy11.sendKeys(Unknown Source)
at com.NopEcommerce.Pageobject.Login_page.loginPage(Login_page.java:48)
at com.NopEcommerce.Testcase.TC_Login_002.login_feature(TC_Login_002.java:23)
at java.util.ArrayList.forEach(ArrayList.java:1257)
... Removed 31 stack frames]]>
    </failure>
  </testcase> <!-- login_feature -->
</testsuite> <!-- Test -->
