<?xml version="1.0" encoding="UTF-8"?>
<testng-results skipped="0" failed="1" ignored="0" total="2" passed="1">
  <reporter-output>
  </reporter-output>
  <suite name="Suite" duration-ms="28297" started-at="2021-08-19T14:49:42 IST" finished-at="2021-08-19T14:50:10 IST">
    <groups>
    </groups>
    <test name="Test" duration-ms="28297" started-at="2021-08-19T14:49:42 IST" finished-at="2021-08-19T14:50:10 IST">
      <class name="com.NopEcommerce.Testcase.TC_Login_002">
        <test-method status="PASS" signature="setup(java.lang.String)[pri:0, instance:com.NopEcommerce.Testcase.TC_Login_002@32eebfca]" name="setup" is-config="true" duration-ms="6033" started-at="2021-08-19T14:50:01 IST" finished-at="2021-08-19T14:50:07 IST">
          <params>
            <param index="0">
              <value>
                <![CDATA[chrome]]>
              </value>
            </param>
          </params>
          <reporter-output>
          </reporter-output>
        </test-method> <!-- setup -->
        <test-method status="FAIL" signature="login_feature()[pri:0, instance:com.NopEcommerce.Testcase.TC_Login_002@32eebfca]" name="login_feature" duration-ms="2635" started-at="2021-08-19T14:50:07 IST" finished-at="2021-08-19T14:50:10 IST">
          <exception class="java.lang.IllegalArgumentException">
            <message>
              <![CDATA[Keys to send should be a not null CharSequence]]>
            </message>
            <full-stacktrace>
              <![CDATA[java.lang.IllegalArgumentException: Keys to send should be a not null CharSequence
at org.openqa.selenium.remote.RemoteWebElement.sendKeys(RemoteWebElement.java:97)
at sun.reflect.NativeMethodAccessorImpl.invoke0(Native Method)
at sun.reflect.NativeMethodAccessorImpl.invoke(NativeMethodAccessorImpl.java:62)
at sun.reflect.DelegatingMethodAccessorImpl.invoke(DelegatingMethodAccessorImpl.java:43)
at java.lang.reflect.Method.invoke(Method.java:498)
at org.openqa.selenium.support.pagefactory.internal.LocatingElementHandler.invoke(LocatingElementHandler.java:51)
at com.sun.proxy.$Proxy11.sendKeys(Unknown Source)
at com.NopEcommerce.Pageobject.Login_page.loginPage(Login_page.java:48)
at com.NopEcommerce.Testcase.TC_Login_002.login_feature(TC_Login_002.java:23)
at sun.reflect.NativeMethodAccessorImpl.invoke0(Native Method)
at sun.reflect.NativeMethodAccessorImpl.invoke(NativeMethodAccessorImpl.java:62)
at sun.reflect.DelegatingMethodAccessorImpl.invoke(DelegatingMethodAccessorImpl.java:43)
at java.lang.reflect.Method.invoke(Method.java:498)
at org.testng.internal.MethodInvocationHelper.invokeMethod(MethodInvocationHelper.java:133)
at org.testng.internal.TestInvoker.invokeMethod(TestInvoker.java:598)
at org.testng.internal.TestInvoker.invokeTestMethod(TestInvoker.java:173)
at org.testng.internal.MethodRunner.runInSequence(MethodRunner.java:46)
at org.testng.internal.TestInvoker$MethodInvocationAgent.invoke(TestInvoker.java:824)
at org.testng.internal.TestInvoker.invokeTestMethods(TestInvoker.java:146)
at org.testng.internal.TestMethodWorker.invokeTestMethods(TestMethodWorker.java:146)
at org.testng.internal.TestMethodWorker.run(TestMethodWorker.java:128)
at java.util.ArrayList.forEach(ArrayList.java:1257)
at org.testng.TestRunner.privateRun(TestRunner.java:794)
at org.testng.TestRunner.run(TestRunner.java:596)
at org.testng.SuiteRunner.runTest(SuiteRunner.java:377)
at org.testng.SuiteRunner.runSequentially(SuiteRunner.java:371)
at org.testng.SuiteRunner.privateRun(SuiteRunner.java:332)
at org.testng.SuiteRunner.run(SuiteRunner.java:276)
at org.testng.SuiteRunnerWorker.runSuite(SuiteRunnerWorker.java:53)
at org.testng.SuiteRunnerWorker.run(SuiteRunnerWorker.java:96)
at org.testng.TestNG.runSuitesSequentially(TestNG.java:1212)
at org.testng.TestNG.runSuitesLocally(TestNG.java:1134)
at org.testng.TestNG.runSuites(TestNG.java:1063)
at org.testng.TestNG.run(TestNG.java:1031)
at org.testng.remote.AbstractRemoteTestNG.run(AbstractRemoteTestNG.java:115)
at org.testng.remote.RemoteTestNG.initAndRun(RemoteTestNG.java:251)
at org.testng.remote.RemoteTestNG.main(RemoteTestNG.java:77)
]]>
            </full-stacktrace>
          </exception> <!-- java.lang.IllegalArgumentException -->
          <reporter-output>
          </reporter-output>
        </test-method> <!-- login_feature -->
        <test-method status="PASS" signature="teardown()[pri:0, instance:com.NopEcommerce.Testcase.TC_Login_002@32eebfca]" name="teardown" is-config="true" duration-ms="185" started-at="2021-08-19T14:50:10 IST" finished-at="2021-08-19T14:50:10 IST">
          <reporter-output>
          </reporter-output>
        </test-method> <!-- teardown -->
      </class> <!-- com.NopEcommerce.Testcase.TC_Login_002 -->
      <class name="com.NopEcommerce.Testcase.TC_Register_001">
        <test-method status="PASS" signature="setup(java.lang.String)[pri:0, instance:com.NopEcommerce.Testcase.TC_Register_001@7a30d1e6]" name="setup" is-config="true" duration-ms="6810" started-at="2021-08-19T14:49:42 IST" finished-at="2021-08-19T14:49:49 IST">
          <params>
            <param index="0">
              <value>
                <![CDATA[chrome]]>
              </value>
            </param>
          </params>
          <reporter-output>
          </reporter-output>
        </test-method> <!-- setup -->
        <test-method status="PASS" signature="register()[pri:0, instance:com.NopEcommerce.Testcase.TC_Register_001@7a30d1e6]" name="register" duration-ms="7980" started-at="2021-08-19T14:49:49 IST" finished-at="2021-08-19T14:49:57 IST">
          <reporter-output>
          </reporter-output>
        </test-method> <!-- register -->
        <test-method status="PASS" signature="teardown()[pri:0, instance:com.NopEcommerce.Testcase.TC_Register_001@7a30d1e6]" name="teardown" is-config="true" duration-ms="4348" started-at="2021-08-19T14:49:57 IST" finished-at="2021-08-19T14:50:01 IST">
          <reporter-output>
          </reporter-output>
        </test-method> <!-- teardown -->
      </class> <!-- com.NopEcommerce.Testcase.TC_Register_001 -->
    </test> <!-- Test -->
  </suite> <!-- Suite -->
</testng-results>
